# JRE version: 7.0_11-b21
# Java VM: Java HotSpot(TM) 64-Bit Server VM (23.6-b04 mixed mode windows-amd64 compressed oops)
Heap
 PSYoungGen      total 274368K, used 60238K [0x00000000eaab0000, 0x00000000fe7e0000, 0x0000000100000000)
  eden space 244288K, 12% used [0x00000000eaab0000,0x00000000ec8243a8,0x00000000f9940000)
  from space 30080K, 99% used [0x00000000fa450000,0x00000000fc1af720,0x00000000fc1b0000)
  to   space 39104K, 0% used [0x00000000fc1b0000,0x00000000fc1b0000,0x00000000fe7e0000)
 ParOldGen       total 86528K, used 61515K [0x00000000c0000000, 0x00000000c5480000, 0x00000000eaab0000)
  object space 86528K, 71% used [0x00000000c0000000,0x00000000c3c12e68,0x00000000c5480000)
 PSPermGen       total 86208K, used 63781K [0x00000000b0000000, 0x00000000b5430000, 0x00000000c0000000)
  object space 86208K, 73% used [0x00000000b0000000,0x00000000b3e49570,0x00000000b5430000)
GC Heap History (10 events):
Event: 6.659 GC heap before
{Heap before GC invocations=6 (full 0):
 PSYoungGen      total 135424K, used 135424K [0x00000000eaab0000, 0x00000000fd750000, 0x0000000100000000)
  eden space 130048K, 100% used [0x00000000eaab0000,0x00000000f29b0000,0x00000000f29b0000)
  from space 5376K, 100% used [0x00000000f29b0000,0x00000000f2ef0000,0x00000000f2ef0000)
  to   space 23872K, 0% used [0x00000000fc000000,0x00000000fc000000,0x00000000fd750000)
 ParOldGen       total 86528K, used 32971K [0x00000000c0000000, 0x00000000c5480000, 0x00000000eaab0000)
  object space 86528K, 38% used [0x00000000c0000000,0x00000000c2032c40,0x00000000c5480000)
 PSPermGen       total 42368K, used 42220K [0x00000000b0000000, 0x00000000b2960000, 0x00000000c0000000)
  object space 42368K, 99% used [0x00000000b0000000,0x00000000b293b3f0,0x00000000b2960000)
Event: 6.678 GC heap after
Heap after GC invocations=6 (full 0):
 PSYoungGen      total 281984K, used 18732K [0x00000000eaab0000, 0x00000000fdb30000, 0x0000000100000000)
  eden space 258112K, 0% used [0x00000000eaab0000,0x00000000eaab0000,0x00000000fa6c0000)
  from space 23872K, 78% used [0x00000000fc000000,0x00000000fd24b2f0,0x00000000fd750000)
  to   space 25856K, 0% used [0x00000000fa6c0000,0x00000000fa6c0000,0x00000000fc000000)
 ParOldGen       total 86528K, used 32971K [0x00000000c0000000, 0x00000000c5480000, 0x00000000eaab0000)
  object space 86528K, 38% used [0x00000000c0000000,0x00000000c2032c40,0x00000000c5480000)
 PSPermGen       total 42368K, used 42220K [0x00000000b0000000, 0x00000000b2960000, 0x00000000c0000000)
  object space 42368K, 99% used [0x00000000b0000000,0x00000000b293b3f0,0x00000000b2960000)
}
Event: 6.839 GC heap before
{Heap before GC invocations=7 (full 0):
 PSYoungGen      total 281984K, used 32995K [0x00000000eaab0000, 0x00000000fdb30000, 0x0000000100000000)
  eden space 258112K, 5% used [0x00000000eaab0000,0x00000000eb89dbd0,0x00000000fa6c0000)
  from space 23872K, 78% used [0x00000000fc000000,0x00000000fd24b2f0,0x00000000fd750000)
  to   space 25856K, 0% used [0x00000000fa6c0000,0x00000000fa6c0000,0x00000000fc000000)
 ParOldGen       total 86528K, used 32971K [0x00000000c0000000, 0x00000000c5480000, 0x00000000eaab0000)
  object space 86528K, 38% used [0x00000000c0000000,0x00000000c2032c40,0x00000000c5480000)
 PSPermGen       total 43136K, used 42979K [0x00000000b0000000, 0x00000000b2a20000, 0x00000000c0000000)
  object space 43136K, 99% used [0x00000000b0000000,0x00000000b29f8ff0,0x00000000b2a20000)
Event: 6.863 GC heap after
Heap after GC invocations=7 (full 0):
 PSYoungGen      total 283968K, used 16090K [0x00000000eaab0000, 0x00000000fdab0000, 0x0000000100000000)
  eden space 258112K, 0% used [0x00000000eaab0000,0x00000000eaab0000,0x00000000fa6c0000)
  from space 25856K, 62% used [0x00000000fa6c0000,0x00000000fb676900,0x00000000fc000000)
  to   space 25600K, 0% used [0x00000000fc1b0000,0x00000000fc1b0000,0x00000000fdab0000)
 ParOldGen       total 86528K, used 34292K [0x00000000c0000000, 0x00000000c5480000, 0x00000000eaab0000)
  object space 86528K, 39% used [0x00000000c0000000,0x00000000c217d000,0x00000000c5480000)
 PSPermGen       total 43136K, used 42979K [0x00000000b0000000, 0x00000000b2a20000, 0x00000000c0000000)
  object space 43136K, 99% used [0x00000000b0000000,0x00000000b29f8ff0,0x00000000b2a20000)
}
Event: 6.863 GC heap before
{Heap before GC invocations=8 (full 1):
 PSYoungGen      total 283968K, used 16090K [0x00000000eaab0000, 0x00000000fdab0000, 0x0000000100000000)
  eden space 258112K, 0% used [0x00000000eaab0000,0x00000000eaab0000,0x00000000fa6c0000)
  from space 25856K, 62% used [0x00000000fa6c0000,0x00000000fb676900,0x00000000fc000000)
  to   space 25600K, 0% used [0x00000000fc1b0000,0x00000000fc1b0000,0x00000000fdab0000)
 ParOldGen       total 86528K, used 34292K [0x00000000c0000000, 0x00000000c5480000, 0x00000000eaab0000)
  object space 86528K, 39% used [0x00000000c0000000,0x00000000c217d000,0x00000000c5480000)
 PSPermGen       total 43136K, used 42979K [0x00000000b0000000, 0x00000000b2a20000, 0x00000000c0000000)
  object space 43136K, 99% used [0x00000000b0000000,0x00000000b29f8ff0,0x00000000b2a20000)
Event: 7.079 GC heap after
Heap after GC invocations=8 (full 1):
 PSYoungGen      total 283968K, used 0K [0x00000000eaab0000, 0x00000000fdab0000, 0x0000000100000000)
  eden space 258112K, 0% used [0x00000000eaab0000,0x00000000eaab0000,0x00000000fa6c0000)
  from space 25856K, 0% used [0x00000000fa6c0000,0x00000000fa6c0000,0x00000000fc000000)
  to   space 25600K, 0% used [0x00000000fc1b0000,0x00000000fc1b0000,0x00000000fdab0000)
 ParOldGen       total 86528K, used 45934K [0x00000000c0000000, 0x00000000c5480000, 0x00000000eaab0000)
  object space 86528K, 53% used [0x00000000c0000000,0x00000000c2cdb950,0x00000000c5480000)
 PSPermGen       total 86208K, used 42955K [0x00000000b0000000, 0x00000000b5430000, 0x00000000c0000000)
  object space 86208K, 49% used [0x00000000b0000000,0x00000000b29f2c00,0x00000000b5430000)
}
Event: 48.584 GC heap before
{Heap before GC invocations=9 (full 1):
 PSYoungGen      total 283968K, used 258112K [0x00000000eaab0000, 0x00000000fdab0000, 0x0000000100000000)
  eden space 258112K, 100% used [0x00000000eaab0000,0x00000000fa6c0000,0x00000000fa6c0000)
  from space 25856K, 0% used [0x00000000fa6c0000,0x00000000fa6c0000,0x00000000fc000000)
  to   space 25600K, 0% used [0x00000000fc1b0000,0x00000000fc1b0000,0x00000000fdab0000)
 ParOldGen       total 86528K, used 45934K [0x00000000c0000000, 0x00000000c5480000, 0x00000000eaab0000)
  object space 86528K, 53% used [0x00000000c0000000,0x00000000c2cdb950,0x00000000c5480000)
 PSPermGen       total 86208K, used 52807K [0x00000000b0000000, 0x00000000b5430000, 0x00000000c0000000)
  object space 86208K, 61% used [0x00000000b0000000,0x00000000b3391da0,0x00000000b5430000)
Event: 48.602 GC heap after
Heap after GC invocations=9 (full 1):
 PSYoungGen      total 281216K, used 25578K [0x00000000eaab0000, 0x0000000100000000, 0x0000000100000000)
  eden space 255616K, 0% used [0x00000000eaab0000,0x00000000eaab0000,0x00000000fa450000)
  from space 25600K, 99% used [0x00000000fc1b0000,0x00000000fdaaa918,0x00000000fdab0000)
  to   space 30080K, 0% used [0x00000000fa450000,0x00000000fa450000,0x00000000fc1b0000)
 ParOldGen       total 86528K, used 47247K [0x00000000c0000000, 0x00000000c5480000, 0x00000000eaab0000)
  object space 86528K, 54% used [0x00000000c0000000,0x00000000c2e23eb0,0x00000000c5480000)
 PSPermGen       total 86208K, used 52807K [0x00000000b0000000, 0x00000000b5430000, 0x00000000c0000000)
  object space 86208K, 61% used [0x00000000b0000000,0x00000000b3391da0,0x00000000b5430000)
}
Event: 162.811 GC heap before
{Heap before GC invocations=10 (full 1):
 PSYoungGen      total 281216K, used 281194K [0x00000000eaab0000, 0x0000000100000000, 0x0000000100000000)
  eden space 255616K, 100% used [0x00000000eaab0000,0x00000000fa450000,0x00000000fa450000)
  from space 25600K, 99% used [0x00000000fc1b0000,0x00000000fdaaa918,0x00000000fdab0000)
  to   space 30080K, 0% used [0x00000000fa450000,0x00000000fa450000,0x00000000fc1b0000)
 ParOldGen       total 86528K, used 47247K [0x00000000c0000000, 0x00000000c5480000, 0x00000000eaab0000)
  object space 86528K, 54% used [0x00000000c0000000,0x00000000c2e23eb0,0x00000000c5480000)
 PSPermGen       total 86208K, used 63561K [0x00000000b0000000, 0x00000000b5430000, 0x00000000c0000000)
  object space 86208K, 73% used [0x00000000b0000000,0x00000000b3e12720,0x00000000b5430000)
Event: 162.846 GC heap after
Heap after GC invocations=10 (full 1):
 PSYoungGen      total 274368K, used 30077K [0x00000000eaab0000, 0x00000000fe7e0000, 0x0000000100000000)
  eden space 244288K, 0% used [0x00000000eaab0000,0x00000000eaab0000,0x00000000f9940000)
  from space 30080K, 99% used [0x00000000fa450000,0x00000000fc1af720,0x00000000fc1b0000)
  to   space 39104K, 0% used [0x00000000fc1b0000,0x00000000fc1b0000,0x00000000fe7e0000)
 ParOldGen       total 86528K, used 61515K [0x00000000c0000000, 0x00000000c5480000, 0x00000000eaab0000)
  object space 86528K, 71% used [0x00000000c0000000,0x00000000c3c12e68,0x00000000c5480000)
 PSPermGen       total 86208K, used 63561K [0x00000000b0000000, 0x00000000b5430000, 0x00000000c0000000)
  object space 86208K, 73% used [0x00000000b0000000,0x00000000b3e12720,0x00000000b5430000)
}

