# JRE version: 7.0_11-b21
# Java VM: Java HotSpot(TM) 64-Bit Server VM (23.6-b04 mixed mode windows-amd64 compressed oops)
Heap
 PSYoungGen      total 280704K, used 35611K [0x00000000eaab0000, 0x0000000100000000, 0x0000000100000000)
  eden space 251072K, 4% used [0x00000000eaab0000,0x00000000eb55a7d0,0x00000000f9fe0000)
  from space 29632K, 83% used [0x00000000fbf20000,0x00000000fd73c820,0x00000000fdc10000)
  to   space 32000K, 0% used [0x00000000f9fe0000,0x00000000f9fe0000,0x00000000fbf20000)
 ParOldGen       total 86528K, used 40901K [0x00000000c0000000, 0x00000000c5480000, 0x00000000eaab0000)
  object space 86528K, 47% used [0x00000000c0000000,0x00000000c27f15c0,0x00000000c5480000)
 PSPermGen       total 91584K, used 54781K [0x00000000b0000000, 0x00000000b5970000, 0x00000000c0000000)
  object space 91584K, 59% used [0x00000000b0000000,0x00000000b357f7f8,0x00000000b5970000)
GC Heap History (10 events):
Event: 6.161 GC heap before
{Heap before GC invocations=7 (full 0):
 PSYoungGen      total 138880K, used 138855K [0x00000000eaab0000, 0x00000000f47f0000, 0x0000000100000000)
  eden space 126720K, 100% used [0x00000000eaab0000,0x00000000f2670000,0x00000000f2670000)
  from space 12160K, 99% used [0x00000000f3590000,0x00000000f4169ff0,0x00000000f4170000)
  to   space 15488K, 0% used [0x00000000f2670000,0x00000000f2670000,0x00000000f3590000)
 ParOldGen       total 86528K, used 16117K [0x00000000c0000000, 0x00000000c5480000, 0x00000000eaab0000)
  object space 86528K, 18% used [0x00000000c0000000,0x00000000c0fbd4e0,0x00000000c5480000)
 PSPermGen       total 36992K, used 36941K [0x00000000b0000000, 0x00000000b2420000, 0x00000000c0000000)
  object space 36992K, 99% used [0x00000000b0000000,0x00000000b2413650,0x00000000b2420000)
Event: 6.211 GC heap after
Heap after GC invocations=7 (full 0):
 PSYoungGen      total 142208K, used 15483K [0x00000000eaab0000, 0x00000000fd070000, 0x0000000100000000)
  eden space 126720K, 0% used [0x00000000eaab0000,0x00000000eaab0000,0x00000000f2670000)
  from space 15488K, 99% used [0x00000000f2670000,0x00000000f358efb0,0x00000000f3590000)
  to   space 23680K, 0% used [0x00000000fb950000,0x00000000fb950000,0x00000000fd070000)
 ParOldGen       total 86528K, used 27842K [0x00000000c0000000, 0x00000000c5480000, 0x00000000eaab0000)
  object space 86528K, 32% used [0x00000000c0000000,0x00000000c1b30ad0,0x00000000c5480000)
 PSPermGen       total 36992K, used 36941K [0x00000000b0000000, 0x00000000b2420000, 0x00000000c0000000)
  object space 36992K, 99% used [0x00000000b0000000,0x00000000b2413650,0x00000000b2420000)
}
Event: 9.743 GC heap before
{Heap before GC invocations=8 (full 0):
 PSYoungGen      total 142208K, used 142203K [0x00000000eaab0000, 0x00000000fd070000, 0x0000000100000000)
  eden space 126720K, 100% used [0x00000000eaab0000,0x00000000f2670000,0x00000000f2670000)
  from space 15488K, 99% used [0x00000000f2670000,0x00000000f358efb0,0x00000000f3590000)
  to   space 23680K, 0% used [0x00000000fb950000,0x00000000fb950000,0x00000000fd070000)
 ParOldGen       total 86528K, used 27842K [0x00000000c0000000, 0x00000000c5480000, 0x00000000eaab0000)
  object space 86528K, 32% used [0x00000000c0000000,0x00000000c1b30ad0,0x00000000c5480000)
 PSPermGen       total 44864K, used 44756K [0x00000000b0000000, 0x00000000b2bd0000, 0x00000000c0000000)
  object space 44864K, 99% used [0x00000000b0000000,0x00000000b2bb5150,0x00000000b2bd0000)
Event: 9.765 GC heap after
Heap after GC invocations=8 (full 0):
 PSYoungGen      total 271616K, used 23654K [0x00000000eaab0000, 0x00000000fdb30000, 0x0000000100000000)
  eden space 247936K, 0% used [0x00000000eaab0000,0x00000000eaab0000,0x00000000f9cd0000)
  from space 23680K, 99% used [0x00000000fb950000,0x00000000fd0698f0,0x00000000fd070000)
  to   space 29184K, 0% used [0x00000000f9cd0000,0x00000000f9cd0000,0x00000000fb950000)
 ParOldGen       total 86528K, used 31760K [0x00000000c0000000, 0x00000000c5480000, 0x00000000eaab0000)
  object space 86528K, 36% used [0x00000000c0000000,0x00000000c1f043d8,0x00000000c5480000)
 PSPermGen       total 44864K, used 44756K [0x00000000b0000000, 0x00000000b2bd0000, 0x00000000c0000000)
  object space 44864K, 99% used [0x00000000b0000000,0x00000000b2bb5150,0x00000000b2bd0000)
}
Event: 9.955 GC heap before
{Heap before GC invocations=9 (full 0):
 PSYoungGen      total 271616K, used 57816K [0x00000000eaab0000, 0x00000000fdb30000, 0x0000000100000000)
  eden space 247936K, 13% used [0x00000000eaab0000,0x00000000ecc0c848,0x00000000f9cd0000)
  from space 23680K, 99% used [0x00000000fb950000,0x00000000fd0698f0,0x00000000fd070000)
  to   space 29184K, 0% used [0x00000000f9cd0000,0x00000000f9cd0000,0x00000000fb950000)
 ParOldGen       total 86528K, used 31760K [0x00000000c0000000, 0x00000000c5480000, 0x00000000eaab0000)
  object space 86528K, 36% used [0x00000000c0000000,0x00000000c1f043d8,0x00000000c5480000)
 PSPermGen       total 45824K, used 45650K [0x00000000b0000000, 0x00000000b2cc0000, 0x00000000c0000000)
  object space 45824K, 99% used [0x00000000b0000000,0x00000000b2c94b58,0x00000000b2cc0000)
Event: 9.974 GC heap after
Heap after GC invocations=9 (full 0):
 PSYoungGen      total 277120K, used 18779K [0x00000000eaab0000, 0x00000000fdc10000, 0x0000000100000000)
  eden space 247936K, 0% used [0x00000000eaab0000,0x00000000eaab0000,0x00000000f9cd0000)
  from space 29184K, 64% used [0x00000000f9cd0000,0x00000000faf26eb0,0x00000000fb950000)
  to   space 29632K, 0% used [0x00000000fbf20000,0x00000000fbf20000,0x00000000fdc10000)
 ParOldGen       total 86528K, used 36618K [0x00000000c0000000, 0x00000000c5480000, 0x00000000eaab0000)
  object space 86528K, 42% used [0x00000000c0000000,0x00000000c23c2b18,0x00000000c5480000)
 PSPermGen       total 45824K, used 45650K [0x00000000b0000000, 0x00000000b2cc0000, 0x00000000c0000000)
  object space 45824K, 99% used [0x00000000b0000000,0x00000000b2c94b58,0x00000000b2cc0000)
}
Event: 9.974 GC heap before
{Heap before GC invocations=10 (full 1):
 PSYoungGen      total 277120K, used 18779K [0x00000000eaab0000, 0x00000000fdc10000, 0x0000000100000000)
  eden space 247936K, 0% used [0x00000000eaab0000,0x00000000eaab0000,0x00000000f9cd0000)
  from space 29184K, 64% used [0x00000000f9cd0000,0x00000000faf26eb0,0x00000000fb950000)
  to   space 29632K, 0% used [0x00000000fbf20000,0x00000000fbf20000,0x00000000fdc10000)
 ParOldGen       total 86528K, used 36618K [0x00000000c0000000, 0x00000000c5480000, 0x00000000eaab0000)
  object space 86528K, 42% used [0x00000000c0000000,0x00000000c23c2b18,0x00000000c5480000)
 PSPermGen       total 45824K, used 45650K [0x00000000b0000000, 0x00000000b2cc0000, 0x00000000c0000000)
  object space 45824K, 99% used [0x00000000b0000000,0x00000000b2c94b58,0x00000000b2cc0000)
Event: 10.171 GC heap after
Heap after GC invocations=10 (full 1):
 PSYoungGen      total 277120K, used 0K [0x00000000eaab0000, 0x00000000fdc10000, 0x0000000100000000)
  eden space 247936K, 0% used [0x00000000eaab0000,0x00000000eaab0000,0x00000000f9cd0000)
  from space 29184K, 0% used [0x00000000f9cd0000,0x00000000f9cd0000,0x00000000fb950000)
  to   space 29632K, 0% used [0x00000000fbf20000,0x00000000fbf20000,0x00000000fdc10000)
 ParOldGen       total 86528K, used 40901K [0x00000000c0000000, 0x00000000c5480000, 0x00000000eaab0000)
  object space 86528K, 47% used [0x00000000c0000000,0x00000000c27f15c0,0x00000000c5480000)
 PSPermGen       total 91584K, used 45623K [0x00000000b0000000, 0x00000000b5970000, 0x00000000c0000000)
  object space 91584K, 49% used [0x00000000b0000000,0x00000000b2c8ded8,0x00000000b5970000)
}
Event: 130.054 GC heap before
{Heap before GC invocations=11 (full 1):
 PSYoungGen      total 277120K, used 247936K [0x00000000eaab0000, 0x00000000fdc10000, 0x0000000100000000)
  eden space 247936K, 100% used [0x00000000eaab0000,0x00000000f9cd0000,0x00000000f9cd0000)
  from space 29184K, 0% used [0x00000000f9cd0000,0x00000000f9cd0000,0x00000000fb950000)
  to   space 29632K, 0% used [0x00000000fbf20000,0x00000000fbf20000,0x00000000fdc10000)
 ParOldGen       total 86528K, used 40901K [0x00000000c0000000, 0x00000000c5480000, 0x00000000eaab0000)
  object space 86528K, 47% used [0x00000000c0000000,0x00000000c27f15c0,0x00000000c5480000)
 PSPermGen       total 91584K, used 54781K [0x00000000b0000000, 0x00000000b5970000, 0x00000000c0000000)
  object space 91584K, 59% used [0x00000000b0000000,0x00000000b357f670,0x00000000b5970000)
Event: 130.074 GC heap after
Heap after GC invocations=11 (full 1):
 PSYoungGen      total 280704K, used 24690K [0x00000000eaab0000, 0x0000000100000000, 0x0000000100000000)
  eden space 251072K, 0% used [0x00000000eaab0000,0x00000000eaab0000,0x00000000f9fe0000)
  from space 29632K, 83% used [0x00000000fbf20000,0x00000000fd73c820,0x00000000fdc10000)
  to   space 32000K, 0% used [0x00000000f9fe0000,0x00000000f9fe0000,0x00000000fbf20000)
 ParOldGen       total 86528K, used 40901K [0x00000000c0000000, 0x00000000c5480000, 0x00000000eaab0000)
  object space 86528K, 47% used [0x00000000c0000000,0x00000000c27f15c0,0x00000000c5480000)
 PSPermGen       total 91584K, used 54781K [0x00000000b0000000, 0x00000000b5970000, 0x00000000c0000000)
  object space 91584K, 59% used [0x00000000b0000000,0x00000000b357f670,0x00000000b5970000)
}

